<?xml version="1.0" encoding="UTF-8"?>
<!-- Generated by org.testng.reporters.JUnitXMLReporter -->
<testsuite hostname="WL352615" ignored="0" name="Default test" tests="3" failures="0" timestamp="2020-07-03T16:48:40 IST" time="57.756" errors="0">
  <testcase name="createPatientTest" time="5.935" classname="com.tieto.test.AddPatientTest"/>
  <testcase name="createPatientTest" time="7.106" classname="com.tieto.test.AddPatientTest"/>
  <testcase name="createPatientTest" time="6.255" classname="com.tieto.test.AddPatientTest"/>
</testsuite> <!-- Default test -->
