<?xml version="1.0" encoding="UTF-8"?>
<!-- Generated by org.testng.reporters.JUnitXMLReporter -->
<testsuite hostname="WL352615" ignored="1" name="Login Test" tests="4" failures="0" timestamp="2020-07-03T16:40:35 IST" time="80.579" errors="0">
  <testcase name="validCredentialTest" time="6.048" classname="com.tieto.test.LoginTest"/>
  <testcase name="validCredentialTest" time="5.797" classname="com.tieto.test.LoginTest"/>
  <testcase name="validCredentialTest" time="7.467" classname="com.tieto.test.LoginTest"/>
  <testcase name="validCredentialTest" time="6.057" classname="com.tieto.test.LoginTest"/>
  <testcase name="invalidCredentialTest" time="0.0" classname="com.tieto.test.LoginTest">
    <ignored/>
  </testcase> <!-- invalidCredentialTest -->
</testsuite> <!-- Login Test -->
