<?xml version="1.0" encoding="UTF-8"?>
<testng-results skipped="0" failed="0" ignored="1" total="5" passed="4">
  <reporter-output>
  </reporter-output>
  <suite name="OpenEMR Suite" duration-ms="80579" started-at="2020-07-03T16:39:14 IST" finished-at="2020-07-03T16:40:35 IST">
    <groups>
    </groups>
    <test name="Login Test" duration-ms="80579" started-at="2020-07-03T16:39:14 IST" finished-at="2020-07-03T16:40:35 IST">
      <class name="com.tieto.test.LoginTest">
        <test-method status="PASS" signature="init(java.lang.String)[pri:0, instance:com.tieto.test.LoginTest@5abca1e0]" name="init" is-config="true" duration-ms="13717" started-at="2020-07-03T16:39:15 IST" finished-at="2020-07-03T16:39:29 IST">
          <params>
            <param index="0">
              <value>
                <![CDATA[ch]]>
              </value>
            </param>
          </params>
          <reporter-output>
          </reporter-output>
        </test-method> <!-- init -->
        <test-method status="PASS" signature="validCredentialTest(java.lang.String, java.lang.String, java.lang.String, java.lang.String)[pri:1, instance:com.tieto.test.LoginTest@5abca1e0]" name="validCredentialTest" duration-ms="6048" started-at="2020-07-03T16:39:29 IST" data-provider="validCredentialData" finished-at="2020-07-03T16:39:35 IST">
          <params>
            <param index="0">
              <value>
                <![CDATA[admin]]>
              </value>
            </param>
            <param index="1">
              <value>
                <![CDATA[pass]]>
              </value>
            </param>
            <param index="2">
              <value>
                <![CDATA[18]]>
              </value>
            </param>
            <param index="3">
              <value>
                <![CDATA[OpenEMR]]>
              </value>
            </param>
          </params>
          <reporter-output>
          </reporter-output>
        </test-method> <!-- validCredentialTest -->
        <test-method status="PASS" signature="end()[pri:0, instance:com.tieto.test.LoginTest@5abca1e0]" name="end" is-config="true" duration-ms="686" started-at="2020-07-03T16:39:35 IST" finished-at="2020-07-03T16:39:36 IST">
          <reporter-output>
          </reporter-output>
        </test-method> <!-- end -->
        <test-method status="PASS" signature="init(java.lang.String)[pri:0, instance:com.tieto.test.LoginTest@5abca1e0]" name="init" is-config="true" duration-ms="11548" started-at="2020-07-03T16:39:36 IST" finished-at="2020-07-03T16:39:47 IST">
          <params>
            <param index="0">
              <value>
                <![CDATA[ch]]>
              </value>
            </param>
          </params>
          <reporter-output>
          </reporter-output>
        </test-method> <!-- init -->
        <test-method status="PASS" signature="validCredentialTest(java.lang.String, java.lang.String, java.lang.String, java.lang.String)[pri:1, instance:com.tieto.test.LoginTest@5abca1e0]" name="validCredentialTest" duration-ms="5797" started-at="2020-07-03T16:39:47 IST" data-provider="validCredentialData" finished-at="2020-07-03T16:39:53 IST">
          <params>
            <param index="0">
              <value>
                <![CDATA[physician]]>
              </value>
            </param>
            <param index="1">
              <value>
                <![CDATA[physician]]>
              </value>
            </param>
            <param index="2">
              <value>
                <![CDATA[18]]>
              </value>
            </param>
            <param index="3">
              <value>
                <![CDATA[OpenEMR]]>
              </value>
            </param>
          </params>
          <reporter-output>
          </reporter-output>
        </test-method> <!-- validCredentialTest -->
        <test-method status="PASS" signature="end()[pri:0, instance:com.tieto.test.LoginTest@5abca1e0]" name="end" is-config="true" duration-ms="680" started-at="2020-07-03T16:39:53 IST" finished-at="2020-07-03T16:39:54 IST">
          <reporter-output>
          </reporter-output>
        </test-method> <!-- end -->
        <test-method status="PASS" signature="init(java.lang.String)[pri:0, instance:com.tieto.test.LoginTest@5abca1e0]" name="init" is-config="true" duration-ms="14281" started-at="2020-07-03T16:39:54 IST" finished-at="2020-07-03T16:40:08 IST">
          <params>
            <param index="0">
              <value>
                <![CDATA[ch]]>
              </value>
            </param>
          </params>
          <reporter-output>
          </reporter-output>
        </test-method> <!-- init -->
        <test-method status="PASS" signature="validCredentialTest(java.lang.String, java.lang.String, java.lang.String, java.lang.String)[pri:1, instance:com.tieto.test.LoginTest@5abca1e0]" name="validCredentialTest" duration-ms="7467" started-at="2020-07-03T16:40:08 IST" data-provider="validCredentialData" finished-at="2020-07-03T16:40:15 IST">
          <params>
            <param index="0">
              <value>
                <![CDATA[clinician]]>
              </value>
            </param>
            <param index="1">
              <value>
                <![CDATA[clinician]]>
              </value>
            </param>
            <param index="2">
              <value>
                <![CDATA[18]]>
              </value>
            </param>
            <param index="3">
              <value>
                <![CDATA[OpenEMR]]>
              </value>
            </param>
          </params>
          <reporter-output>
          </reporter-output>
        </test-method> <!-- validCredentialTest -->
        <test-method status="PASS" signature="end()[pri:0, instance:com.tieto.test.LoginTest@5abca1e0]" name="end" is-config="true" duration-ms="675" started-at="2020-07-03T16:40:15 IST" finished-at="2020-07-03T16:40:16 IST">
          <reporter-output>
          </reporter-output>
        </test-method> <!-- end -->
        <test-method status="PASS" signature="init(java.lang.String)[pri:0, instance:com.tieto.test.LoginTest@5abca1e0]" name="init" is-config="true" duration-ms="12064" started-at="2020-07-03T16:40:16 IST" finished-at="2020-07-03T16:40:28 IST">
          <params>
            <param index="0">
              <value>
                <![CDATA[ch]]>
              </value>
            </param>
          </params>
          <reporter-output>
          </reporter-output>
        </test-method> <!-- init -->
        <test-method status="PASS" signature="validCredentialTest(java.lang.String, java.lang.String, java.lang.String, java.lang.String)[pri:1, instance:com.tieto.test.LoginTest@5abca1e0]" name="validCredentialTest" duration-ms="6057" started-at="2020-07-03T16:40:28 IST" data-provider="validCredentialData" finished-at="2020-07-03T16:40:34 IST">
          <params>
            <param index="0">
              <value>
                <![CDATA[accountant]]>
              </value>
            </param>
            <param index="1">
              <value>
                <![CDATA[accountant]]>
              </value>
            </param>
            <param index="2">
              <value>
                <![CDATA[18]]>
              </value>
            </param>
            <param index="3">
              <value>
                <![CDATA[OpenEMR]]>
              </value>
            </param>
          </params>
          <reporter-output>
          </reporter-output>
        </test-method> <!-- validCredentialTest -->
        <test-method status="PASS" signature="end()[pri:0, instance:com.tieto.test.LoginTest@5abca1e0]" name="end" is-config="true" duration-ms="706" started-at="2020-07-03T16:40:34 IST" finished-at="2020-07-03T16:40:35 IST">
          <reporter-output>
          </reporter-output>
        </test-method> <!-- end -->
      </class> <!-- com.tieto.test.LoginTest -->
    </test> <!-- Login Test -->
  </suite> <!-- OpenEMR Suite -->
</testng-results>
