<?xml version="1.0" encoding="UTF-8"?>
<testng-results skipped="0" failed="0" ignored="0" total="3" passed="3">
  <reporter-output>
  </reporter-output>
  <suite name="Default suite" duration-ms="57756" started-at="2020-07-03T16:47:42 IST" finished-at="2020-07-03T16:48:40 IST">
    <groups>
    </groups>
    <test name="Default test" duration-ms="57756" started-at="2020-07-03T16:47:42 IST" finished-at="2020-07-03T16:48:40 IST">
      <class name="com.tieto.test.AddPatientTest">
        <test-method status="PASS" signature="init(java.lang.String)[pri:0, instance:com.tieto.test.AddPatientTest@d44fc21]" name="init" is-config="true" duration-ms="13103" started-at="2020-07-03T16:47:43 IST" finished-at="2020-07-03T16:47:56 IST">
          <params>
            <param index="0">
              <value>
                <![CDATA[ch]]>
              </value>
            </param>
          </params>
          <reporter-output>
          </reporter-output>
        </test-method> <!-- init -->
        <test-method status="PASS" signature="createPatientTest(java.lang.String, java.lang.String, java.lang.String)[pri:0, instance:com.tieto.test.AddPatientTest@d44fc21]" name="createPatientTest" duration-ms="5935" started-at="2020-07-03T16:47:56 IST" data-provider="createPatientData" finished-at="2020-07-03T16:48:02 IST">
          <params>
            <param index="0">
              <value>
                <![CDATA[admin]]>
              </value>
            </param>
            <param index="1">
              <value>
                <![CDATA[pass]]>
              </value>
            </param>
            <param index="2">
              <value>
                <![CDATA[18]]>
              </value>
            </param>
          </params>
          <reporter-output>
          </reporter-output>
        </test-method> <!-- createPatientTest -->
        <test-method status="PASS" signature="end()[pri:0, instance:com.tieto.test.AddPatientTest@d44fc21]" name="end" is-config="true" duration-ms="698" started-at="2020-07-03T16:48:02 IST" finished-at="2020-07-03T16:48:02 IST">
          <reporter-output>
          </reporter-output>
        </test-method> <!-- end -->
        <test-method status="PASS" signature="init(java.lang.String)[pri:0, instance:com.tieto.test.AddPatientTest@d44fc21]" name="init" is-config="true" duration-ms="11174" started-at="2020-07-03T16:48:02 IST" finished-at="2020-07-03T16:48:13 IST">
          <params>
            <param index="0">
              <value>
                <![CDATA[ch]]>
              </value>
            </param>
          </params>
          <reporter-output>
          </reporter-output>
        </test-method> <!-- init -->
        <test-method status="PASS" signature="createPatientTest(java.lang.String, java.lang.String, java.lang.String)[pri:0, instance:com.tieto.test.AddPatientTest@d44fc21]" name="createPatientTest" duration-ms="7106" started-at="2020-07-03T16:48:13 IST" data-provider="createPatientData" finished-at="2020-07-03T16:48:21 IST">
          <params>
            <param index="0">
              <value>
                <![CDATA[physician]]>
              </value>
            </param>
            <param index="1">
              <value>
                <![CDATA[physician]]>
              </value>
            </param>
            <param index="2">
              <value>
                <![CDATA[18]]>
              </value>
            </param>
          </params>
          <reporter-output>
          </reporter-output>
        </test-method> <!-- createPatientTest -->
        <test-method status="PASS" signature="end()[pri:0, instance:com.tieto.test.AddPatientTest@d44fc21]" name="end" is-config="true" duration-ms="686" started-at="2020-07-03T16:48:21 IST" finished-at="2020-07-03T16:48:21 IST">
          <reporter-output>
          </reporter-output>
        </test-method> <!-- end -->
        <test-method status="PASS" signature="init(java.lang.String)[pri:0, instance:com.tieto.test.AddPatientTest@d44fc21]" name="init" is-config="true" duration-ms="11540" started-at="2020-07-03T16:48:21 IST" finished-at="2020-07-03T16:48:33 IST">
          <params>
            <param index="0">
              <value>
                <![CDATA[ch]]>
              </value>
            </param>
          </params>
          <reporter-output>
          </reporter-output>
        </test-method> <!-- init -->
        <test-method status="PASS" signature="createPatientTest(java.lang.String, java.lang.String, java.lang.String)[pri:0, instance:com.tieto.test.AddPatientTest@d44fc21]" name="createPatientTest" duration-ms="6255" started-at="2020-07-03T16:48:33 IST" data-provider="createPatientData" finished-at="2020-07-03T16:48:39 IST">
          <params>
            <param index="0">
              <value>
                <![CDATA[clinician]]>
              </value>
            </param>
            <param index="1">
              <value>
                <![CDATA[clinician]]>
              </value>
            </param>
            <param index="2">
              <value>
                <![CDATA[18]]>
              </value>
            </param>
          </params>
          <reporter-output>
          </reporter-output>
        </test-method> <!-- createPatientTest -->
        <test-method status="PASS" signature="end()[pri:0, instance:com.tieto.test.AddPatientTest@d44fc21]" name="end" is-config="true" duration-ms="713" started-at="2020-07-03T16:48:39 IST" finished-at="2020-07-03T16:48:40 IST">
          <reporter-output>
          </reporter-output>
        </test-method> <!-- end -->
      </class> <!-- com.tieto.test.AddPatientTest -->
    </test> <!-- Default test -->
  </suite> <!-- Default suite -->
</testng-results>
